<?xml version="1.0" encoding="UTF-8"?>
<testng-results skipped="0" failed="0" ignored="0" total="1" passed="1">
  <reporter-output>
  </reporter-output>
  <suite name="Default suite" duration-ms="26797" started-at="2018-03-09T14:09:42Z" finished-at="2018-03-09T14:10:09Z">
    <groups>
    </groups>
    <test name="Default test" duration-ms="26797" started-at="2018-03-09T14:09:42Z" finished-at="2018-03-09T14:10:09Z">
      <class name="Indianic.LoginTest">
        <test-method status="PASS" signature="Logintest()[pri:0, instance:Indianic.LoginTest@42e26948]" name="Logintest" duration-ms="26121" started-at="2018-03-09T14:09:42Z" finished-at="2018-03-09T14:10:08Z">
          <reporter-output>
          </reporter-output>
        </test-method> <!-- Logintest -->
        <test-method status="PASS" signature="teardown()[pri:0, instance:Indianic.LoginTest@42e26948]" name="teardown" is-config="true" duration-ms="618" started-at="2018-03-09T14:10:08Z" finished-at="2018-03-09T14:10:09Z">
          <reporter-output>
          </reporter-output>
        </test-method> <!-- teardown -->
      </class> <!-- Indianic.LoginTest -->
    </test> <!-- Default test -->
  </suite> <!-- Default suite -->
</testng-results>
